<?xml version="1.0" encoding="UTF-8"?>
<testsuite name="ohtu.verkkokauppa.KauppaTest" tests="8" skipped="0" failures="0" errors="0" timestamp="2020-11-23T15:42:52" hostname="lx7-fuxi365" time="0.942">
  <properties/>
  <testcase name="tilisiirtoOnnistuuKahdellaEriTuotteella" classname="ohtu.verkkokauppa.KauppaTest" time="0.923"/>
  <testcase name="uusiViiteJokaiseenMaksuun" classname="ohtu.verkkokauppa.KauppaTest" time="0.002"/>
  <testcase name="tilisiirtoOnnistuuKahdellaSamallaTuotteella" classname="ohtu.verkkokauppa.KauppaTest" time="0.003"/>
  <testcase name="koriToimiiSaldo1ja0" classname="ohtu.verkkokauppa.KauppaTest" time="0.003"/>
  <testcase name="ostoksenPaaytyttyaPankinMetodiaTilisiirtoKutsutaan" classname="ohtu.verkkokauppa.KauppaTest" time="0.003"/>
  <testcase name="koriPoistoToimii" classname="ohtu.verkkokauppa.KauppaTest" time="0.002"/>
  <testcase name="pankinMetodiTilisiirtoTulostuuOikein" classname="ohtu.verkkokauppa.KauppaTest" time="0.002"/>
  <testcase name="uusiHintaJokaiseenOstoskoriin" classname="ohtu.verkkokauppa.KauppaTest" time="0.002"/>
  <system-out><![CDATA[]]></system-out>
  <system-err><![CDATA[]]></system-err>
</testsuite>
